Using pre-set license
Built from '2020.3/staging' branch; Version is '2020.3.19f1 (68f137dc9bbe) revision 6877495'; Using compiler version '192528614'; Build Type 'Release'
OS: 'Windows 10 Pro; OS build 19043.1237; Version 2009; 64bit' Language: 'fi' Physical Memory: 15591 MB
BatchMode: 1, IsHumanControllingUs: 0, StartBugReporterOnCrash: 0, Is64bit: 1, IsPro: 0

COMMAND LINE ARGUMENTS:
C:\Program Files\Unity\Hub\Editor\2020.3.19f1\Editor\Unity.exe
-adb2
-batchMode
-noUpm
-name
AssetImportWorker0
-projectPath
C:/Users/rikuh/UnityProjects/RealCyberCombo/cyber-combo/Cyber Combo
-logFile
Logs/AssetImportWorker0.log
-srvPort
51371
Successfully changed project path to: C:/Users/rikuh/UnityProjects/RealCyberCombo/cyber-combo/Cyber Combo
C:/Users/rikuh/UnityProjects/RealCyberCombo/cyber-combo/Cyber Combo
Using Asset Import Pipeline V2.
Refreshing native plugins compatible for Editor in 75.73 ms, found 3 plugins.
Preloading 0 native plugins for Editor in 0.00 ms.
Initialize engine version: 2020.3.19f1 (68f137dc9bbe)
[Subsystems] Discovering subsystems at path C:/Program Files/Unity/Hub/Editor/2020.3.19f1/Editor/Data/Resources/UnitySubsystems
[Subsystems] Discovering subsystems at path C:/Users/rikuh/UnityProjects/RealCyberCombo/cyber-combo/Cyber Combo/Assets
GfxDevice: creating device client; threaded=0
Direct3D:
    Version:  Direct3D 11.0 [level 11.1]
    Renderer: AMD Radeon(TM) Graphics (ID=0x1636)
    Vendor:   
    VRAM:     7795 MB
    Driver:   27.20.15026.5002
Initialize mono
Mono path[0] = 'C:/Program Files/Unity/Hub/Editor/2020.3.19f1/Editor/Data/Managed'
Mono path[1] = 'C:/Program Files/Unity/Hub/Editor/2020.3.19f1/Editor/Data/MonoBleedingEdge/lib/mono/unityjit'
Mono config path = 'C:/Program Files/Unity/Hub/Editor/2020.3.19f1/Editor/Data/MonoBleedingEdge/etc'
Using monoOptions --debugger-agent=transport=dt_socket,embedding=1,server=y,suspend=n,address=127.0.0.1:56952
Begin MonoManager ReloadAssembly
Registering precompiled unity dll's ...
Register platform support module: C:/Program Files/Unity/Hub/Editor/2020.3.19f1/Editor/Data/PlaybackEngines/WindowsStandaloneSupport/UnityEditor.WindowsStandalone.Extensions.dll
Registered in 0.002683 seconds.
Native extension for WindowsStandalone target not found
Refreshing native plugins compatible for Editor in 73.36 ms, found 3 plugins.
Preloading 0 native plugins for Editor in 0.00 ms.
Mono: successfully reloaded assembly
- Completed reload, in  1.485 seconds
Domain Reload Profiling:
	ReloadAssembly (1485ms)
		BeginReloadAssembly (74ms)
			ExecutionOrderSort (0ms)
			DisableScriptedObjects (0ms)
			BackupInstance (0ms)
			ReleaseScriptingObjects (0ms)
			CreateAndSetChildDomain (1ms)
		EndReloadAssembly (642ms)
			LoadAssemblies (71ms)
			RebuildTransferFunctionScriptingTraits (0ms)
			SetupTypeCache (241ms)
			ReleaseScriptCaches (0ms)
			RebuildScriptCaches (44ms)
			SetupLoadedEditorAssemblies (268ms)
				LogAssemblyErrors (0ms)
				InitializePlatformSupportModulesInManaged (10ms)
				SetLoadedEditorAssemblies (1ms)
				RefreshPlugins (73ms)
				BeforeProcessingInitializeOnLoad (26ms)
				ProcessInitializeOnLoadAttributes (119ms)
				ProcessInitializeOnLoadMethodAttributes (39ms)
				AfterProcessingInitializeOnLoad (0ms)
				EditorAssembliesLoaded (0ms)
			ExecutionOrderSort2 (0ms)
			AwakeInstancesAfterBackupRestoration (0ms)
Platform modules already initialized, skipping
Registering precompiled user dll's ...
Registered in 0.007185 seconds.
Begin MonoManager ReloadAssembly
Native extension for WindowsStandalone target not found
Refreshing native plugins compatible for Editor in 60.30 ms, found 3 plugins.
Preloading 0 native plugins for Editor in 0.00 ms.
Mono: successfully reloaded assembly
- Completed reload, in  1.579 seconds
Domain Reload Profiling:
	ReloadAssembly (1581ms)
		BeginReloadAssembly (203ms)
			ExecutionOrderSort (0ms)
			DisableScriptedObjects (6ms)
			BackupInstance (0ms)
			ReleaseScriptingObjects (0ms)
			CreateAndSetChildDomain (31ms)
		EndReloadAssembly (1287ms)
			LoadAssemblies (120ms)
			RebuildTransferFunctionScriptingTraits (0ms)
			SetupTypeCache (405ms)
			ReleaseScriptCaches (1ms)
			RebuildScriptCaches (66ms)
			SetupLoadedEditorAssemblies (529ms)
				LogAssemblyErrors (0ms)
				InitializePlatformSupportModulesInManaged (6ms)
				SetLoadedEditorAssemblies (0ms)
				RefreshPlugins (60ms)
				BeforeProcessingInitializeOnLoad (148ms)
				ProcessInitializeOnLoadAttributes (287ms)
				ProcessInitializeOnLoadMethodAttributes (20ms)
				AfterProcessingInitializeOnLoad (8ms)
				EditorAssembliesLoaded (0ms)
			ExecutionOrderSort2 (0ms)
			AwakeInstancesAfterBackupRestoration (9ms)
Platform modules already initialized, skipping
========================================================================
Worker process is ready to serve import requests
Launched and connected shader compiler UnityShaderCompiler.exe after 0.11 seconds
Refreshing native plugins compatible for Editor in 0.59 ms, found 3 plugins.
Preloading 0 native plugins for Editor in 0.00 ms.
Unloading 2091 Unused Serialized files (Serialized files now loaded: 0)
System memory in use before: 93.1 MB.
System memory in use after: 93.1 MB.

Unloading 26 unused Assets to reduce memory usage. Loaded Objects now: 2530.
Total: 4.827800 ms (FindLiveObjects: 0.287400 ms CreateObjectMapping: 0.075000 ms MarkObjects: 4.362300 ms  DeleteObjects: 0.101200 ms)

AssetImportParameters requested are different than current active one (requested -> active):
  custom:framework-win-MediaFoundation: 216162199b28c13a410421893ffa2e32 -> 
  custom:video-decoder-ogg-theora: a1e56fd34408186e4bbccfd4996cb3dc -> 
  custom:container-muxer-webm: aa71ff27fc2769a1b78a27578f13a17b -> 
  custom:container-demuxer-webm: 4f35f7cbe854078d1ac9338744f61a02 -> 
  custom:container-demuxer-ogg: 62fdf1f143b41e24485cea50d1cbac27 -> 
  custom:video-encoder-webm-vp8: eb34c28f22e8b96e1ab97ce403110664 -> 
  custom:video-codec-MediaFoundation-h265: 746d11721c4dcdbdad8f713fa42b33f4 -> 
  custom:video-decoder-webm-vp8: 9c59270c3fd7afecdb556c50c9e8de78 -> 
  custom:audio-decoder-ogg-vorbis: bf7c407c2cedff20999df2af8eb42d56 -> 
  custom:audio-encoder-webm-vorbis: bf7c407c2cedff20999df2af8eb42d56 -> 
========================================================================
Received Import Request.
  path: Assets/_CyberCombo/Graphics
  artifactKey: Guid(a240707251d3fc648b4a1bda94f90e4e) Importer(815301076,1909f56bfc062723c751e8b465ee728b)
Start importing Assets/_CyberCombo/Graphics using Guid(a240707251d3fc648b4a1bda94f90e4e) Importer(815301076,1909f56bfc062723c751e8b465ee728b)  -> (artifact id: '67a42d4f5a4ee0b10482b26e9379f3bd') in 0.020240 seconds 
  Import took 0.027715 seconds .

========================================================================
Received Import Request.
  Time since last request: 0.000407 seconds.
  path: Assets/_CyberCombo
  artifactKey: Guid(34d0de342ad36624295b5cc4702db7ae) Importer(815301076,1909f56bfc062723c751e8b465ee728b)
Start importing Assets/_CyberCombo using Guid(34d0de342ad36624295b5cc4702db7ae) Importer(815301076,1909f56bfc062723c751e8b465ee728b)  -> (artifact id: '0fae333b460fd8aad56fa61ea92e4dbc') in 0.014226 seconds 
  Import took 0.021263 seconds .

========================================================================
Received Prepare
Registering precompiled user dll's ...
Registered in 0.007752 seconds.
Begin MonoManager ReloadAssembly
Native extension for WindowsStandalone target not found
Refreshing native plugins compatible for Editor in 0.65 ms, found 5 plugins.
Preloading 0 native plugins for Editor in 0.00 ms.
Mono: successfully reloaded assembly
- Completed reload, in  1.084 seconds
Domain Reload Profiling:
	ReloadAssembly (1084ms)
		BeginReloadAssembly (165ms)
			ExecutionOrderSort (0ms)
			DisableScriptedObjects (6ms)
			BackupInstance (0ms)
			ReleaseScriptingObjects (0ms)
			CreateAndSetChildDomain (60ms)
		EndReloadAssembly (855ms)
			LoadAssemblies (110ms)
			RebuildTransferFunctionScriptingTraits (0ms)
			SetupTypeCache (273ms)
			ReleaseScriptCaches (1ms)
			RebuildScriptCaches (44ms)
			SetupLoadedEditorAssemblies (349ms)
				LogAssemblyErrors (0ms)
				InitializePlatformSupportModulesInManaged (5ms)
				SetLoadedEditorAssemblies (0ms)
				RefreshPlugins (1ms)
				BeforeProcessingInitializeOnLoad (85ms)
				ProcessInitializeOnLoadAttributes (246ms)
				ProcessInitializeOnLoadMethodAttributes (6ms)
				AfterProcessingInitializeOnLoad (6ms)
				EditorAssembliesLoaded (0ms)
			ExecutionOrderSort2 (0ms)
			AwakeInstancesAfterBackupRestoration (10ms)
Platform modules already initialized, skipping
Refreshing native plugins compatible for Editor in 1.01 ms, found 5 plugins.
Preloading 0 native plugins for Editor in 0.00 ms.
Unloading 2100 Unused Serialized files (Serialized files now loaded: 0)
System memory in use before: 93.1 MB.
System memory in use after: 93.2 MB.

Unloading 31 unused Assets to reduce memory usage. Loaded Objects now: 2577.
Total: 7.463600 ms (FindLiveObjects: 0.376600 ms CreateObjectMapping: 0.140300 ms MarkObjects: 6.892600 ms  DeleteObjects: 0.051300 ms)

AssetImportParameters requested are different than current active one (requested -> active):
  custom:framework-win-MediaFoundation: 216162199b28c13a410421893ffa2e32 -> 
  custom:video-decoder-ogg-theora: a1e56fd34408186e4bbccfd4996cb3dc -> 
  custom:container-muxer-webm: aa71ff27fc2769a1b78a27578f13a17b -> 
  custom:container-demuxer-webm: 4f35f7cbe854078d1ac9338744f61a02 -> 
  custom:container-demuxer-ogg: 62fdf1f143b41e24485cea50d1cbac27 -> 
  custom:video-encoder-webm-vp8: eb34c28f22e8b96e1ab97ce403110664 -> 
  custom:video-codec-MediaFoundation-h265: 746d11721c4dcdbdad8f713fa42b33f4 -> 
  custom:video-decoder-webm-vp8: 9c59270c3fd7afecdb556c50c9e8de78 -> 
  custom:audio-decoder-ogg-vorbis: bf7c407c2cedff20999df2af8eb42d56 -> 
  custom:audio-encoder-webm-vorbis: bf7c407c2cedff20999df2af8eb42d56 -> 
========================================================================
Received Import Request.
  Time since last request: 416.811786 seconds.
  path: Assets/Plugins/GitHub/Editor/big-logo@2x.png
  artifactKey: Guid(f81094832d834c64d93b198cb16b6a3e) Importer(815301076,1909f56bfc062723c751e8b465ee728b)
Start importing Assets/Plugins/GitHub/Editor/big-logo@2x.png using Guid(f81094832d834c64d93b198cb16b6a3e) Importer(815301076,1909f56bfc062723c751e8b465ee728b)  -> (artifact id: '0adcc90895ff65591bff4907a049684c') in 0.134857 seconds 
  Import took 0.142074 seconds .

========================================================================
Received Prepare
Registering precompiled user dll's ...
Registered in 0.008711 seconds.
Begin MonoManager ReloadAssembly
Native extension for WindowsStandalone target not found
Refreshing native plugins compatible for Editor in 0.59 ms, found 5 plugins.
Preloading 0 native plugins for Editor in 0.00 ms.
Mono: successfully reloaded assembly
- Completed reload, in  1.273 seconds
Domain Reload Profiling:
	ReloadAssembly (1274ms)
		BeginReloadAssembly (177ms)
			ExecutionOrderSort (0ms)
			DisableScriptedObjects (8ms)
			BackupInstance (0ms)
			ReleaseScriptingObjects (0ms)
			CreateAndSetChildDomain (59ms)
		EndReloadAssembly (1019ms)
			LoadAssemblies (122ms)
			RebuildTransferFunctionScriptingTraits (0ms)
			SetupTypeCache (323ms)
			ReleaseScriptCaches (2ms)
			RebuildScriptCaches (65ms)
			SetupLoadedEditorAssemblies (364ms)
				LogAssemblyErrors (0ms)
				InitializePlatformSupportModulesInManaged (11ms)
				SetLoadedEditorAssemblies (1ms)
				RefreshPlugins (1ms)
				BeforeProcessingInitializeOnLoad (121ms)
				ProcessInitializeOnLoadAttributes (219ms)
				ProcessInitializeOnLoadMethodAttributes (6ms)
				AfterProcessingInitializeOnLoad (6ms)
				EditorAssembliesLoaded (0ms)
			ExecutionOrderSort2 (0ms)
			AwakeInstancesAfterBackupRestoration (11ms)
Platform modules already initialized, skipping
Refreshing native plugins compatible for Editor in 0.63 ms, found 5 plugins.
Preloading 0 native plugins for Editor in 0.00 ms.
Unloading 2100 Unused Serialized files (Serialized files now loaded: 0)
System memory in use before: 93.3 MB.
System memory in use after: 93.4 MB.

Unloading 31 unused Assets to reduce memory usage. Loaded Objects now: 2582.
Total: 6.279700 ms (FindLiveObjects: 0.360400 ms CreateObjectMapping: 0.140900 ms MarkObjects: 5.718900 ms  DeleteObjects: 0.057100 ms)

AssetImportParameters requested are different than current active one (requested -> active):
  custom:framework-win-MediaFoundation: 216162199b28c13a410421893ffa2e32 -> 
  custom:video-decoder-ogg-theora: a1e56fd34408186e4bbccfd4996cb3dc -> 
  custom:container-muxer-webm: aa71ff27fc2769a1b78a27578f13a17b -> 
  custom:container-demuxer-webm: 4f35f7cbe854078d1ac9338744f61a02 -> 
  custom:container-demuxer-ogg: 62fdf1f143b41e24485cea50d1cbac27 -> 
  custom:video-encoder-webm-vp8: eb34c28f22e8b96e1ab97ce403110664 -> 
  custom:video-codec-MediaFoundation-h265: 746d11721c4dcdbdad8f713fa42b33f4 -> 
  custom:video-decoder-webm-vp8: 9c59270c3fd7afecdb556c50c9e8de78 -> 
  custom:audio-decoder-ogg-vorbis: bf7c407c2cedff20999df2af8eb42d56 -> 
  custom:audio-encoder-webm-vorbis: bf7c407c2cedff20999df2af8eb42d56 -> 
========================================================================
Received Import Request.
  Time since last request: 38.207914 seconds.
  path: Assets/_CyberCombo/Graphics/Player
  artifactKey: Guid(0d1e0c070b8b57245b7a7cd705b580c3) Importer(815301076,1909f56bfc062723c751e8b465ee728b)
Start importing Assets/_CyberCombo/Graphics/Player using Guid(0d1e0c070b8b57245b7a7cd705b580c3) Importer(815301076,1909f56bfc062723c751e8b465ee728b)  -> (artifact id: '2863178d7e2ca5f5fe15c8ce33c9c0e5') in 0.015921 seconds 
  Import took 0.022629 seconds .

========================================================================
Received Import Request.
  Time since last request: 0.425851 seconds.
  path: Assets/_CyberCombo/Graphics/Enemies
  artifactKey: Guid(78e3488e5893a7e44bc29ada635991aa) Importer(815301076,1909f56bfc062723c751e8b465ee728b)
Start importing Assets/_CyberCombo/Graphics/Enemies using Guid(78e3488e5893a7e44bc29ada635991aa) Importer(815301076,1909f56bfc062723c751e8b465ee728b)  -> (artifact id: 'c6cbdbf926194e2e6f18cd91bcf81e10') in 0.013055 seconds 
  Import took 0.019229 seconds .

========================================================================
Received Import Request.
  Time since last request: 1.459531 seconds.
  path: Assets/_CyberCombo/Graphics/Animation
  artifactKey: Guid(b11ebf1d089d9694893b145885bc9c7d) Importer(815301076,1909f56bfc062723c751e8b465ee728b)
Start importing Assets/_CyberCombo/Graphics/Animation using Guid(b11ebf1d089d9694893b145885bc9c7d) Importer(815301076,1909f56bfc062723c751e8b465ee728b)  -> (artifact id: '4df04ddc82a36af141419f2ba403107f') in 0.012658 seconds 
  Import took 0.017459 seconds .

========================================================================
Received Prepare
Registering precompiled user dll's ...
Registered in 0.010115 seconds.
Begin MonoManager ReloadAssembly
Native extension for WindowsStandalone target not found
Refreshing native plugins compatible for Editor in 1.65 ms, found 5 plugins.
Preloading 0 native plugins for Editor in 0.00 ms.
Mono: successfully reloaded assembly
- Completed reload, in  1.829 seconds
Domain Reload Profiling:
	ReloadAssembly (1830ms)
		BeginReloadAssembly (192ms)
			ExecutionOrderSort (0ms)
			DisableScriptedObjects (10ms)
			BackupInstance (0ms)
			ReleaseScriptingObjects (0ms)
			CreateAndSetChildDomain (59ms)
		EndReloadAssembly (1490ms)
			LoadAssemblies (174ms)
			RebuildTransferFunctionScriptingTraits (0ms)
			SetupTypeCache (494ms)
			ReleaseScriptCaches (1ms)
			RebuildScriptCaches (67ms)
			SetupLoadedEditorAssemblies (571ms)
				LogAssemblyErrors (0ms)
				InitializePlatformSupportModulesInManaged (13ms)
				SetLoadedEditorAssemblies (2ms)
				RefreshPlugins (2ms)
				BeforeProcessingInitializeOnLoad (165ms)
				ProcessInitializeOnLoadAttributes (368ms)
				ProcessInitializeOnLoadMethodAttributes (11ms)
				AfterProcessingInitializeOnLoad (11ms)
				EditorAssembliesLoaded (0ms)
			ExecutionOrderSort2 (0ms)
			AwakeInstancesAfterBackupRestoration (19ms)
Platform modules already initialized, skipping
Refreshing native plugins compatible for Editor in 1.07 ms, found 5 plugins.
Preloading 0 native plugins for Editor in 0.00 ms.
Unloading 2102 Unused Serialized files (Serialized files now loaded: 0)
System memory in use before: 93.4 MB.
System memory in use after: 93.5 MB.

Unloading 31 unused Assets to reduce memory usage. Loaded Objects now: 2587.
Total: 6.216100 ms (FindLiveObjects: 0.368100 ms CreateObjectMapping: 0.081500 ms MarkObjects: 5.704700 ms  DeleteObjects: 0.058600 ms)

AssetImportParameters requested are different than current active one (requested -> active):
  custom:framework-win-MediaFoundation: 216162199b28c13a410421893ffa2e32 -> 
  custom:video-decoder-ogg-theora: a1e56fd34408186e4bbccfd4996cb3dc -> 
  custom:container-muxer-webm: aa71ff27fc2769a1b78a27578f13a17b -> 
  custom:container-demuxer-webm: 4f35f7cbe854078d1ac9338744f61a02 -> 
  custom:container-demuxer-ogg: 62fdf1f143b41e24485cea50d1cbac27 -> 
  custom:video-encoder-webm-vp8: eb34c28f22e8b96e1ab97ce403110664 -> 
  custom:video-codec-MediaFoundation-h265: 746d11721c4dcdbdad8f713fa42b33f4 -> 
  custom:video-decoder-webm-vp8: 9c59270c3fd7afecdb556c50c9e8de78 -> 
  custom:audio-decoder-ogg-vorbis: bf7c407c2cedff20999df2af8eb42d56 -> 
  custom:audio-encoder-webm-vorbis: bf7c407c2cedff20999df2af8eb42d56 -> 
========================================================================
Received Import Request.
  Time since last request: 1538.296479 seconds.
  path: Assets/Rikun Test assets/Scripts/Collectible.cs
  artifactKey: Guid(0bf3084b2e791114fb3f1e4bbe1e9071) Importer(815301076,1909f56bfc062723c751e8b465ee728b)
Start importing Assets/Rikun Test assets/Scripts/Collectible.cs using Guid(0bf3084b2e791114fb3f1e4bbe1e9071) Importer(815301076,1909f56bfc062723c751e8b465ee728b)  -> (artifact id: 'cc3f4851d81ee83fb036cbd9bcd0f6a9') in 0.021905 seconds 
  Import took 0.028135 seconds .

========================================================================
Received Import Request.
  Time since last request: 9.297848 seconds.
  path: Assets/Rikun Test assets/Pixel art
  artifactKey: Guid(167788813de069e4f99733b2a67d8fa1) Importer(815301076,1909f56bfc062723c751e8b465ee728b)
Start importing Assets/Rikun Test assets/Pixel art using Guid(167788813de069e4f99733b2a67d8fa1) Importer(815301076,1909f56bfc062723c751e8b465ee728b)  -> (artifact id: '4c4c1dd1663e79fef5c4baf39906f7c5') in 0.019010 seconds 
  Import took 0.027312 seconds .

========================================================================
Received Import Request.
  Time since last request: 0.087697 seconds.
  path: Assets/Rikun Test assets/Pixel art/anim.asset
  artifactKey: Guid(82ab339ed59025b41b43823a533afbc3) Importer(815301076,1909f56bfc062723c751e8b465ee728b)
Start importing Assets/Rikun Test assets/Pixel art/anim.asset using Guid(82ab339ed59025b41b43823a533afbc3) Importer(815301076,1909f56bfc062723c751e8b465ee728b)  -> (artifact id: 'cec71a132c607e3148397df0b0406c03') in 0.185360 seconds 
  Import took 0.282749 seconds .

========================================================================
Received Import Request.
  Time since last request: 0.000790 seconds.
  path: Assets/Rikun Test assets/Pixel art/RocketBoots.png
  artifactKey: Guid(0fb813460228d1745bac01b2eee3eb67) Importer(815301076,1909f56bfc062723c751e8b465ee728b)
Start importing Assets/Rikun Test assets/Pixel art/RocketBoots.png using Guid(0fb813460228d1745bac01b2eee3eb67) Importer(815301076,1909f56bfc062723c751e8b465ee728b)  -> (artifact id: 'cf7c30f49984a0a83579ff4dbe2fa467') in 0.178293 seconds 
  Import took 0.185582 seconds .

========================================================================
Received Import Request.
  Time since last request: 0.000549 seconds.
  path: Assets/Rikun Test assets/Pixel art/RocketBoots.asset
  artifactKey: Guid(00c4097d43b6437489f07320d94ae956) Importer(815301076,1909f56bfc062723c751e8b465ee728b)
Start importing Assets/Rikun Test assets/Pixel art/RocketBoots.asset using Guid(00c4097d43b6437489f07320d94ae956) Importer(815301076,1909f56bfc062723c751e8b465ee728b)  -> (artifact id: '08c90345cf8e47a6654b4e4b3464ea6c') in 0.015200 seconds 
  Import took 0.027873 seconds .

========================================================================
Received Import Request.
  Time since last request: 0.000589 seconds.
  path: Assets/Rikun Test assets/Pixel art/Goal.asset
  artifactKey: Guid(db0aac8da76e76e4ca3d429d8f42b8e2) Importer(815301076,1909f56bfc062723c751e8b465ee728b)
Start importing Assets/Rikun Test assets/Pixel art/Goal.asset using Guid(db0aac8da76e76e4ca3d429d8f42b8e2) Importer(815301076,1909f56bfc062723c751e8b465ee728b)  -> (artifact id: '400bdab678751dfda6a6dce21cd0b1b1') in 0.027592 seconds 
  Import took 0.041942 seconds .

========================================================================
Received Import Request.
  Time since last request: 0.000535 seconds.
  path: Assets/Rikun Test assets/Pixel art/anim.png
  artifactKey: Guid(52cb6cdec774d024291dbf84dbd6405d) Importer(815301076,1909f56bfc062723c751e8b465ee728b)
Start importing Assets/Rikun Test assets/Pixel art/anim.png using Guid(52cb6cdec774d024291dbf84dbd6405d) Importer(815301076,1909f56bfc062723c751e8b465ee728b)  -> (artifact id: '3e15ffbca73cdbbdbbfd50dc6595d609') in 0.192423 seconds 
  Import took 0.200720 seconds .

========================================================================
Received Import Request.
  Time since last request: 0.000628 seconds.
  path: Assets/Rikun Test assets/Pixel art/Start.asset
  artifactKey: Guid(70c1316b11f6cc1419c2fdb20fab8b78) Importer(815301076,1909f56bfc062723c751e8b465ee728b)
Start importing Assets/Rikun Test assets/Pixel art/Start.asset using Guid(70c1316b11f6cc1419c2fdb20fab8b78) Importer(815301076,1909f56bfc062723c751e8b465ee728b)  -> (artifact id: 'fa2f5b4fc6cd26d823448032d78e0679') in 0.026035 seconds 
  Import took 0.038165 seconds .

========================================================================
Received Import Request.
  Time since last request: 0.000560 seconds.
  path: Assets/Rikun Test assets/Pixel art/Goal.png
  artifactKey: Guid(4fc6e614aa3341f4594ecec7099f825d) Importer(815301076,1909f56bfc062723c751e8b465ee728b)
Start importing Assets/Rikun Test assets/Pixel art/Goal.png using Guid(4fc6e614aa3341f4594ecec7099f825d) Importer(815301076,1909f56bfc062723c751e8b465ee728b)  -> (artifact id: '4e0261b0f710b5faa21436ae87526eca') in 0.027695 seconds 
  Import took 0.036809 seconds .

========================================================================
Received Import Request.
  Time since last request: 0.000565 seconds.
  path: Assets/Rikun Test assets/Pixel art/Keychip.asset
  artifactKey: Guid(cd5fc8ad89e3d66499ab601c3400b946) Importer(815301076,1909f56bfc062723c751e8b465ee728b)
Start importing Assets/Rikun Test assets/Pixel art/Keychip.asset using Guid(cd5fc8ad89e3d66499ab601c3400b946) Importer(815301076,1909f56bfc062723c751e8b465ee728b)  -> (artifact id: 'cc2e9a2e25a296268f1d50268fdeb4fb') in 0.028693 seconds 
  Import took 0.042802 seconds .

========================================================================
Received Import Request.
  Time since last request: 0.000572 seconds.
  path: Assets/Rikun Test assets/Pixel art/Floor_more.png
  artifactKey: Guid(aeef29e9e4f65ec4681e99a4c1f5d348) Importer(815301076,1909f56bfc062723c751e8b465ee728b)
Start importing Assets/Rikun Test assets/Pixel art/Floor_more.png using Guid(aeef29e9e4f65ec4681e99a4c1f5d348) Importer(815301076,1909f56bfc062723c751e8b465ee728b)  -> (artifact id: '1e9b2b5b95934b5266efd0c09c28a9e4') in 0.142075 seconds 
  Import took 0.149928 seconds .

========================================================================
Received Import Request.
  Time since last request: 0.000767 seconds.
  path: Assets/Rikun Test assets/Pixel art/background.jpg
  artifactKey: Guid(0dd2d126bddac4b48aafb7f10fe8cbc7) Importer(815301076,1909f56bfc062723c751e8b465ee728b)
Start importing Assets/Rikun Test assets/Pixel art/background.jpg using Guid(0dd2d126bddac4b48aafb7f10fe8cbc7) Importer(815301076,1909f56bfc062723c751e8b465ee728b)  -> (artifact id: '74bf269d0daa383b15a947bd94817cea') in 0.052020 seconds 
  Import took 0.060058 seconds .

========================================================================
Received Import Request.
  Time since last request: 0.000589 seconds.
  path: Assets/Rikun Test assets/Pixel art/Character.asset
  artifactKey: Guid(a3f2e2f214eead04a9c3d8e6dc5408cb) Importer(815301076,1909f56bfc062723c751e8b465ee728b)
Start importing Assets/Rikun Test assets/Pixel art/Character.asset using Guid(a3f2e2f214eead04a9c3d8e6dc5408cb) Importer(815301076,1909f56bfc062723c751e8b465ee728b)  -> (artifact id: 'af5584a72775dcdd1f9149d8ce0f6f2e') in 0.026686 seconds 
  Import took 0.038440 seconds .

========================================================================
Received Import Request.
  Time since last request: 0.000549 seconds.
  path: Assets/Rikun Test assets/Pixel art/Start.png
  artifactKey: Guid(2f3e864c90c26144a87bc505652b724c) Importer(815301076,1909f56bfc062723c751e8b465ee728b)
Start importing Assets/Rikun Test assets/Pixel art/Start.png using Guid(2f3e864c90c26144a87bc505652b724c) Importer(815301076,1909f56bfc062723c751e8b465ee728b)  -> (artifact id: '9928d845b8132241f3b1afa0cfc2f078') in 0.067211 seconds 
  Import took 0.075733 seconds .

========================================================================
Received Import Request.
  Time since last request: 0.000570 seconds.
  path: Assets/Rikun Test assets/Pixel art/Floor_more.asset
  artifactKey: Guid(f85a9de37b0e747429bd11872bff9814) Importer(815301076,1909f56bfc062723c751e8b465ee728b)
Start importing Assets/Rikun Test assets/Pixel art/Floor_more.asset using Guid(f85a9de37b0e747429bd11872bff9814) Importer(815301076,1909f56bfc062723c751e8b465ee728b)  -> (artifact id: '4d3ac9ee1271dff692ae00daa5c25819') in 0.218679 seconds 
  Import took 0.329874 seconds .

========================================================================
Received Import Request.
  Time since last request: 0.000424 seconds.
  path: Assets/Rikun Test assets/Pixel art/Character.png
  artifactKey: Guid(cbf37eaabe845044488a32607a59d495) Importer(815301076,1909f56bfc062723c751e8b465ee728b)
Start importing Assets/Rikun Test assets/Pixel art/Character.png using Guid(cbf37eaabe845044488a32607a59d495) Importer(815301076,1909f56bfc062723c751e8b465ee728b)  -> (artifact id: '32ffccafe204d72637d22ca51a8271ac') in 0.058643 seconds 
  Import took 0.064569 seconds .

========================================================================
Received Import Request.
  Time since last request: 0.000526 seconds.
  path: Assets/Rikun Test assets/Pixel art/Keychip.png
  artifactKey: Guid(275e7f97f6dabb74d8693791ec25581b) Importer(815301076,1909f56bfc062723c751e8b465ee728b)
Start importing Assets/Rikun Test assets/Pixel art/Keychip.png using Guid(275e7f97f6dabb74d8693791ec25581b) Importer(815301076,1909f56bfc062723c751e8b465ee728b)  -> (artifact id: 'b80d62b387f31f877ac228dc8ac6bac2') in 0.024833 seconds 
  Import took 0.031978 seconds .

========================================================================
Received Import Request.
  Time since last request: 1178.158248 seconds.
  path: Assets/Rikun Test assets/Prefabs/Character(not used).prefab
  artifactKey: Guid(72154df6ada02c54f870d313cabd09ae) Importer(815301076,1909f56bfc062723c751e8b465ee728b)
Start importing Assets/Rikun Test assets/Prefabs/Character(not used).prefab using Guid(72154df6ada02c54f870d313cabd09ae) Importer(815301076,1909f56bfc062723c751e8b465ee728b)  -> (artifact id: '38e75d987d0cd7f52be0b2b8e79309bc') in 0.103881 seconds 
  Import took 0.112257 seconds .

========================================================================
Received Import Request.
  Time since last request: 0.000644 seconds.
  path: Assets/Rikun Test assets/Prefabs/Keychip.prefab
  artifactKey: Guid(b8d7a90f0152b1e4a8842d8ed8a87aec) Importer(815301076,1909f56bfc062723c751e8b465ee728b)
Start importing Assets/Rikun Test assets/Prefabs/Keychip.prefab using Guid(b8d7a90f0152b1e4a8842d8ed8a87aec) Importer(815301076,1909f56bfc062723c751e8b465ee728b)  -> (artifact id: 'cea59378a3272bc3274061431d5eb889') in 0.028627 seconds 
  Import took 0.036683 seconds .

========================================================================
Received Import Request.
  Time since last request: 0.000546 seconds.
  path: Assets/Rikun Test assets/Prefabs/Start.prefab
  artifactKey: Guid(eddade77eda768e449a908f8ce6e34db) Importer(815301076,1909f56bfc062723c751e8b465ee728b)
Start importing Assets/Rikun Test assets/Prefabs/Start.prefab using Guid(eddade77eda768e449a908f8ce6e34db) Importer(815301076,1909f56bfc062723c751e8b465ee728b)  -> (artifact id: '37c58a65144d238fb528506420713577') in 0.027950 seconds 
  Import took 0.036054 seconds .

========================================================================
Received Import Request.
  Time since last request: 0.000620 seconds.
  path: Assets/Rikun Test assets/Prefabs/Character.prefab
  artifactKey: Guid(cccc6367d3f2b5f4da35e0d858b42de7) Importer(815301076,1909f56bfc062723c751e8b465ee728b)
Start importing Assets/Rikun Test assets/Prefabs/Character.prefab using Guid(cccc6367d3f2b5f4da35e0d858b42de7) Importer(815301076,1909f56bfc062723c751e8b465ee728b)  -> (artifact id: '143998f07f79cb72e7ae224c5217774f') in 0.045010 seconds 
  Import took 0.054181 seconds .

========================================================================
Received Import Request.
  Time since last request: 0.000577 seconds.
  path: Assets/Rikun Test assets/Prefabs/Rocket Boots.prefab
  artifactKey: Guid(31132deb201c4684a86fa76c5f350ea3) Importer(815301076,1909f56bfc062723c751e8b465ee728b)
Start importing Assets/Rikun Test assets/Prefabs/Rocket Boots.prefab using Guid(31132deb201c4684a86fa76c5f350ea3) Importer(815301076,1909f56bfc062723c751e8b465ee728b)  -> (artifact id: '30fb897293f493325ed444764b3e72f6') in 0.032019 seconds 
  Import took 0.040545 seconds .

========================================================================
Received Import Request.
  Time since last request: 0.000687 seconds.
  path: Assets/Rikun Test assets/Prefabs/Goal.prefab
  artifactKey: Guid(cdf9c8ba096cd22479fdb4f4a404bca6) Importer(815301076,1909f56bfc062723c751e8b465ee728b)
Start importing Assets/Rikun Test assets/Prefabs/Goal.prefab using Guid(cdf9c8ba096cd22479fdb4f4a404bca6) Importer(815301076,1909f56bfc062723c751e8b465ee728b)  -> (artifact id: 'b4a9a3078e2386b3440d38cf297cf105') in 0.060129 seconds 
  Import took 0.069518 seconds .

========================================================================
Received Prepare
Registering precompiled user dll's ...
Registered in 0.017957 seconds.
Begin MonoManager ReloadAssembly
Native extension for WindowsStandalone target not found
Refreshing native plugins compatible for Editor in 0.81 ms, found 5 plugins.
Preloading 0 native plugins for Editor in 0.00 ms.
Mono: successfully reloaded assembly
- Completed reload, in  1.897 seconds
Domain Reload Profiling:
	ReloadAssembly (1898ms)
		BeginReloadAssembly (172ms)
			ExecutionOrderSort (0ms)
			DisableScriptedObjects (9ms)
			BackupInstance (0ms)
			ReleaseScriptingObjects (0ms)
			CreateAndSetChildDomain (59ms)
		EndReloadAssembly (1625ms)
			LoadAssemblies (169ms)
			RebuildTransferFunctionScriptingTraits (0ms)
			SetupTypeCache (526ms)
			ReleaseScriptCaches (2ms)
			RebuildScriptCaches (85ms)
			SetupLoadedEditorAssemblies (637ms)
				LogAssemblyErrors (0ms)
				InitializePlatformSupportModulesInManaged (8ms)
				SetLoadedEditorAssemblies (1ms)
				RefreshPlugins (1ms)
				BeforeProcessingInitializeOnLoad (168ms)
				ProcessInitializeOnLoadAttributes (441ms)
				ProcessInitializeOnLoadMethodAttributes (10ms)
				AfterProcessingInitializeOnLoad (9ms)
				EditorAssembliesLoaded (0ms)
			ExecutionOrderSort2 (0ms)
			AwakeInstancesAfterBackupRestoration (14ms)
Platform modules already initialized, skipping
Refreshing native plugins compatible for Editor in 1.30 ms, found 5 plugins.
Preloading 0 native plugins for Editor in 0.00 ms.
Unloading 2102 Unused Serialized files (Serialized files now loaded: 0)
System memory in use before: 96.4 MB.
System memory in use after: 96.5 MB.

Unloading 31 unused Assets to reduce memory usage. Loaded Objects now: 2603.
Total: 7.119000 ms (FindLiveObjects: 0.354300 ms CreateObjectMapping: 0.162300 ms MarkObjects: 6.542000 ms  DeleteObjects: 0.057200 ms)

AssetImportParameters requested are different than current active one (requested -> active):
  custom:framework-win-MediaFoundation: 216162199b28c13a410421893ffa2e32 -> 
  custom:video-decoder-ogg-theora: a1e56fd34408186e4bbccfd4996cb3dc -> 
  custom:container-muxer-webm: aa71ff27fc2769a1b78a27578f13a17b -> 
  custom:container-demuxer-webm: 4f35f7cbe854078d1ac9338744f61a02 -> 
  custom:container-demuxer-ogg: 62fdf1f143b41e24485cea50d1cbac27 -> 
  custom:video-encoder-webm-vp8: eb34c28f22e8b96e1ab97ce403110664 -> 
  custom:video-codec-MediaFoundation-h265: 746d11721c4dcdbdad8f713fa42b33f4 -> 
  custom:video-decoder-webm-vp8: 9c59270c3fd7afecdb556c50c9e8de78 -> 
  custom:audio-decoder-ogg-vorbis: bf7c407c2cedff20999df2af8eb42d56 -> 
  custom:audio-encoder-webm-vorbis: bf7c407c2cedff20999df2af8eb42d56 -> 
