Using pre-set license
Built from '2020.3/staging' branch; Version is '2020.3.19f1 (68f137dc9bbe) revision 6877495'; Using compiler version '192528614'; Build Type 'Release'
OS: 'Windows 10 Home; OS build 19042.1237; Version 2009; 64bit' Language: 'en' Physical Memory: 16285 MB
BatchMode: 1, IsHumanControllingUs: 0, StartBugReporterOnCrash: 0, Is64bit: 1, IsPro: 0

COMMAND LINE ARGUMENTS:
E:\Downloads\Unity Editors\2020.3.19f1\Editor\Unity.exe
-adb2
-batchMode
-noUpm
-name
AssetImportWorker0
-projectPath
E:/Matias/Koodaus/Introduction to game development tools/Project/Cyber Combo
-logFile
Logs/AssetImportWorker0.log
-srvPort
61287
Successfully changed project path to: E:/Matias/Koodaus/Introduction to game development tools/Project/Cyber Combo
E:/Matias/Koodaus/Introduction to game development tools/Project/Cyber Combo
Using Asset Import Pipeline V2.
Refreshing native plugins compatible for Editor in 33.96 ms, found 3 plugins.
Preloading 0 native plugins for Editor in 0.00 ms.
Initialize engine version: 2020.3.19f1 (68f137dc9bbe)
[Subsystems] Discovering subsystems at path E:/Downloads/Unity Editors/2020.3.19f1/Editor/Data/Resources/UnitySubsystems
[Subsystems] Discovering subsystems at path E:/Matias/Koodaus/Introduction to game development tools/Project/Cyber Combo/Assets
GfxDevice: creating device client; threaded=0
Direct3D:
    Version:  Direct3D 11.0 [level 11.1]
    Renderer: NVIDIA GeForce RTX 2060 (ID=0x1e89)
    Vendor:   
    VRAM:     5968 MB
    Driver:   27.21.14.6089
Initialize mono
Mono path[0] = 'E:/Downloads/Unity Editors/2020.3.19f1/Editor/Data/Managed'
Mono path[1] = 'E:/Downloads/Unity Editors/2020.3.19f1/Editor/Data/MonoBleedingEdge/lib/mono/unityjit'
Mono config path = 'E:/Downloads/Unity Editors/2020.3.19f1/Editor/Data/MonoBleedingEdge/etc'
Using monoOptions --debugger-agent=transport=dt_socket,embedding=1,server=y,suspend=n,address=127.0.0.1:56128
Begin MonoManager ReloadAssembly
Registering precompiled unity dll's ...
Register platform support module: E:/Downloads/Unity Editors/2020.3.19f1/Editor/Data/PlaybackEngines/WindowsStandaloneSupport/UnityEditor.WindowsStandalone.Extensions.dll
Registered in 0.002659 seconds.
Native extension for WindowsStandalone target not found
Refreshing native plugins compatible for Editor in 33.15 ms, found 3 plugins.
Preloading 0 native plugins for Editor in 0.00 ms.
Mono: successfully reloaded assembly
- Completed reload, in  0.889 seconds
Domain Reload Profiling:
	ReloadAssembly (889ms)
		BeginReloadAssembly (51ms)
			ExecutionOrderSort (0ms)
			DisableScriptedObjects (0ms)
			BackupInstance (0ms)
			ReleaseScriptingObjects (0ms)
			CreateAndSetChildDomain (1ms)
		EndReloadAssembly (344ms)
			LoadAssemblies (49ms)
			RebuildTransferFunctionScriptingTraits (0ms)
			SetupTypeCache (123ms)
			ReleaseScriptCaches (0ms)
			RebuildScriptCaches (24ms)
			SetupLoadedEditorAssemblies (136ms)
				LogAssemblyErrors (0ms)
				InitializePlatformSupportModulesInManaged (3ms)
				SetLoadedEditorAssemblies (0ms)
				RefreshPlugins (33ms)
				BeforeProcessingInitializeOnLoad (13ms)
				ProcessInitializeOnLoadAttributes (63ms)
				ProcessInitializeOnLoadMethodAttributes (23ms)
				AfterProcessingInitializeOnLoad (0ms)
				EditorAssembliesLoaded (0ms)
			ExecutionOrderSort2 (0ms)
			AwakeInstancesAfterBackupRestoration (0ms)
Platform modules already initialized, skipping
Registering precompiled user dll's ...
Registered in 0.003633 seconds.
Begin MonoManager ReloadAssembly
Native extension for WindowsStandalone target not found
Refreshing native plugins compatible for Editor in 33.70 ms, found 3 plugins.
Preloading 0 native plugins for Editor in 0.00 ms.
Mono: successfully reloaded assembly
- Completed reload, in  0.975 seconds
Domain Reload Profiling:
	ReloadAssembly (976ms)
		BeginReloadAssembly (143ms)
			ExecutionOrderSort (0ms)
			DisableScriptedObjects (4ms)
			BackupInstance (0ms)
			ReleaseScriptingObjects (0ms)
			CreateAndSetChildDomain (14ms)
		EndReloadAssembly (775ms)
			LoadAssemblies (87ms)
			RebuildTransferFunctionScriptingTraits (0ms)
			SetupTypeCache (250ms)
			ReleaseScriptCaches (0ms)
			RebuildScriptCaches (37ms)
			SetupLoadedEditorAssemblies (297ms)
				LogAssemblyErrors (0ms)
				InitializePlatformSupportModulesInManaged (3ms)
				SetLoadedEditorAssemblies (0ms)
				RefreshPlugins (34ms)
				BeforeProcessingInitializeOnLoad (76ms)
				ProcessInitializeOnLoadAttributes (164ms)
				ProcessInitializeOnLoadMethodAttributes (11ms)
				AfterProcessingInitializeOnLoad (8ms)
				EditorAssembliesLoaded (0ms)
			ExecutionOrderSort2 (0ms)
			AwakeInstancesAfterBackupRestoration (5ms)
Platform modules already initialized, skipping
========================================================================
Worker process is ready to serve import requests
Launched and connected shader compiler UnityShaderCompiler.exe after 0.05 seconds
Refreshing native plugins compatible for Editor in 0.65 ms, found 3 plugins.
Preloading 0 native plugins for Editor in 0.00 ms.
Unloading 2091 Unused Serialized files (Serialized files now loaded: 0)
System memory in use before: 93.7 MB.
System memory in use after: 93.8 MB.

Unloading 26 unused Assets to reduce memory usage. Loaded Objects now: 2530.
Total: 3.133500 ms (FindLiveObjects: 0.226100 ms CreateObjectMapping: 0.086800 ms MarkObjects: 2.765400 ms  DeleteObjects: 0.054200 ms)

AssetImportParameters requested are different than current active one (requested -> active):
  custom:framework-win-MediaFoundation: 216162199b28c13a410421893ffa2e32 -> 
  custom:video-decoder-ogg-theora: a1e56fd34408186e4bbccfd4996cb3dc -> 
  custom:container-muxer-webm: aa71ff27fc2769a1b78a27578f13a17b -> 
  custom:container-demuxer-webm: 4f35f7cbe854078d1ac9338744f61a02 -> 
  custom:container-demuxer-ogg: 62fdf1f143b41e24485cea50d1cbac27 -> 
  custom:video-encoder-webm-vp8: eb34c28f22e8b96e1ab97ce403110664 -> 
  custom:video-decoder-webm-vp8: 9c59270c3fd7afecdb556c50c9e8de78 -> 
  custom:audio-decoder-ogg-vorbis: bf7c407c2cedff20999df2af8eb42d56 -> 
  custom:audio-encoder-webm-vorbis: bf7c407c2cedff20999df2af8eb42d56 -> 
========================================================================
Received Import Request.
  path: Assets/_CyberCombo/Prefabs
  artifactKey: Guid(5154b09af932ae045a8b4f41e3b8c608) Importer(815301076,1909f56bfc062723c751e8b465ee728b)
Start importing Assets/_CyberCombo/Prefabs using Guid(5154b09af932ae045a8b4f41e3b8c608) Importer(815301076,1909f56bfc062723c751e8b465ee728b)  -> (artifact id: '7538c0ed78d5159d6cf3696abbb4275c') in 0.022058 seconds 
  Import took 0.024851 seconds .

========================================================================
Received Import Request.
  Time since last request: 0.000174 seconds.
  path: Assets/_CyberCombo/Graphics
  artifactKey: Guid(a240707251d3fc648b4a1bda94f90e4e) Importer(815301076,1909f56bfc062723c751e8b465ee728b)
Start importing Assets/_CyberCombo/Graphics using Guid(a240707251d3fc648b4a1bda94f90e4e) Importer(815301076,1909f56bfc062723c751e8b465ee728b)  -> (artifact id: '7d2718c428066887688d2db0b91bbd2d') in 0.029508 seconds 
  Import took 0.032804 seconds .

========================================================================
Received Import Request.
  Time since last request: 1.211308 seconds.
  path: Assets/_CyberCombo/Scenes
  artifactKey: Guid(8b53aa39f7df08b4e96b06223c030bb1) Importer(815301076,1909f56bfc062723c751e8b465ee728b)
Start importing Assets/_CyberCombo/Scenes using Guid(8b53aa39f7df08b4e96b06223c030bb1) Importer(815301076,1909f56bfc062723c751e8b465ee728b)  -> (artifact id: '8ce3b2f2f90d04644f73467ef513e48a') in 0.004397 seconds 
  Import took 0.006809 seconds .

========================================================================
Received Import Request.
  Time since last request: 877.206867 seconds.
  path: Assets/_CyberCombo/Graphics/Tiles
  artifactKey: Guid(bd6f14649454bb141a4caf8c00111f8c) Importer(815301076,1909f56bfc062723c751e8b465ee728b)
Start importing Assets/_CyberCombo/Graphics/Tiles using Guid(bd6f14649454bb141a4caf8c00111f8c) Importer(815301076,1909f56bfc062723c751e8b465ee728b)  -> (artifact id: 'cc1ab834a214c919636b43ac0edaf83c') in 0.004655 seconds 
  Import took 0.007604 seconds .

========================================================================
Received Import Request.
  Time since last request: 286.835984 seconds.
  path: Assets/_CyberCombo/Graphics/Tiles/BasicFloor.png
  artifactKey: Guid(06e4f0c7a68e6c1498e34183cb6bdc95) Importer(815301076,1909f56bfc062723c751e8b465ee728b)
Start importing Assets/_CyberCombo/Graphics/Tiles/BasicFloor.png using Guid(06e4f0c7a68e6c1498e34183cb6bdc95) Importer(815301076,1909f56bfc062723c751e8b465ee728b)  -> (artifact id: 'f701bb90ecf70827c38322a2ffa20a23') in 0.102504 seconds 
  Import took 0.105529 seconds .

========================================================================
Received Import Request.
  Time since last request: 79.005214 seconds.
  path: Assets/_CyberCombo/Graphics/Tiles/BasicFloor 1.png
  artifactKey: Guid(e38cc5be41922534cbda5aa9e24ad225) Importer(815301076,1909f56bfc062723c751e8b465ee728b)
Start importing Assets/_CyberCombo/Graphics/Tiles/BasicFloor 1.png using Guid(e38cc5be41922534cbda5aa9e24ad225) Importer(815301076,1909f56bfc062723c751e8b465ee728b)  -> (artifact id: '7aec313b00ac66a9d327449df3ecb0b0') in 0.011201 seconds 
  Import took 0.013741 seconds .

========================================================================
Received Import Request.
  Time since last request: 9.744488 seconds.
  path: Assets/_CyberCombo/Graphics/Tiles/BasicFloor.png
  artifactKey: Guid(06e4f0c7a68e6c1498e34183cb6bdc95) Importer(815301076,1909f56bfc062723c751e8b465ee728b)
Start importing Assets/_CyberCombo/Graphics/Tiles/BasicFloor.png using Guid(06e4f0c7a68e6c1498e34183cb6bdc95) Importer(815301076,1909f56bfc062723c751e8b465ee728b)  -> (artifact id: 'cb219e3bc4356df4b1977d84161ddc31') in 0.006032 seconds 
  Import took 0.008529 seconds .

========================================================================
Received Import Request.
  Time since last request: 293.262816 seconds.
  path: Assets/_CyberCombo/Graphics/Tiles/BasicFloor.png
  artifactKey: Guid(06e4f0c7a68e6c1498e34183cb6bdc95) Importer(815301076,1909f56bfc062723c751e8b465ee728b)
Start importing Assets/_CyberCombo/Graphics/Tiles/BasicFloor.png using Guid(06e4f0c7a68e6c1498e34183cb6bdc95) Importer(815301076,1909f56bfc062723c751e8b465ee728b)  -> (artifact id: 'acbe4f986f3c892144760aebafc9f9d9') in 0.012731 seconds 
  Import took 0.015459 seconds .

========================================================================
Received Import Request.
  Time since last request: 19.865380 seconds.
  path: Assets/_CyberCombo/Graphics/Background
  artifactKey: Guid(e3ecb5cb74b21f2459b6d879e9cc0286) Importer(815301076,1909f56bfc062723c751e8b465ee728b)
Start importing Assets/_CyberCombo/Graphics/Background using Guid(e3ecb5cb74b21f2459b6d879e9cc0286) Importer(815301076,1909f56bfc062723c751e8b465ee728b)  -> (artifact id: 'c4b5f8ce657336643ae1c71742c88aee') in 0.005376 seconds 
  Import took 0.008367 seconds .

========================================================================
Received Import Request.
  Time since last request: 6988.036756 seconds.
  path: Assets/_CyberCombo/Graphics/Background/Background.png
  artifactKey: Guid(03b8f5d044e0ea94f94fc9b05199e4c5) Importer(815301076,1909f56bfc062723c751e8b465ee728b)
Start importing Assets/_CyberCombo/Graphics/Background/Background.png using Guid(03b8f5d044e0ea94f94fc9b05199e4c5) Importer(815301076,1909f56bfc062723c751e8b465ee728b)  -> (artifact id: '447163d10e8866d6f83370a647c9adfa') in 0.024598 seconds 
  Import took 0.029484 seconds .

========================================================================
Received Import Request.
  Time since last request: 1491.971573 seconds.
  path: Assets/_CyberCombo/Graphics/Background/Background.png
  artifactKey: Guid(03b8f5d044e0ea94f94fc9b05199e4c5) Importer(815301076,1909f56bfc062723c751e8b465ee728b)
Start importing Assets/_CyberCombo/Graphics/Background/Background.png using Guid(03b8f5d044e0ea94f94fc9b05199e4c5) Importer(815301076,1909f56bfc062723c751e8b465ee728b)  -> (artifact id: 'f9df90381ac8c23943cd38d5ba223635') in 0.026481 seconds 
  Import took 0.029516 seconds .

AssetImportWorkerClient::OnTransportError - code=2 error=End of file
